Using pre-set license
Built from '2021.3/staging' branch; Version is '2021.3.11f1 (0a5ca18544bf) revision 679073'; Using compiler version '192829333'; Build Type 'Release'
OS: 'Windows 10  (10.0.19044) 64bit Professional' Language: 'ru' Physical Memory: 16088 MB
BatchMode: 1, IsHumanControllingUs: 0, StartBugReporterOnCrash: 0, Is64bit: 1, IsPro: 1

COMMAND LINE ARGUMENTS:
C:\Program Files\Unity\Hub\Editor\2021.3.11f1\Editor\Unity.exe
-adb2
-batchMode
-noUpm
-name
AssetImportWorker0
-projectPath
C:/Users/MSI/FirstProject
-logFile
Logs/AssetImportWorker0.log
-srvPort
60991
Successfully changed project path to: C:/Users/MSI/FirstProject
C:/Users/MSI/FirstProject
[UnityMemory] Configuration Parameters - Can be set up in boot.config
    "memorysetup-bucket-allocator-granularity=16"
    "memorysetup-bucket-allocator-bucket-count=8"
    "memorysetup-bucket-allocator-block-size=33554432"
    "memorysetup-bucket-allocator-block-count=8"
    "memorysetup-main-allocator-block-size=16777216"
    "memorysetup-thread-allocator-block-size=16777216"
    "memorysetup-gfx-main-allocator-block-size=16777216"
    "memorysetup-gfx-thread-allocator-block-size=16777216"
    "memorysetup-cache-allocator-block-size=4194304"
    "memorysetup-typetree-allocator-block-size=2097152"
    "memorysetup-profiler-bucket-allocator-granularity=16"
    "memorysetup-profiler-bucket-allocator-bucket-count=8"
    "memorysetup-profiler-bucket-allocator-block-size=33554432"
    "memorysetup-profiler-bucket-allocator-block-count=8"
    "memorysetup-profiler-allocator-block-size=16777216"
    "memorysetup-profiler-editor-allocator-block-size=1048576"
    "memorysetup-temp-allocator-size-main=16777216"
    "memorysetup-job-temp-allocator-block-size=2097152"
    "memorysetup-job-temp-allocator-block-size-background=1048576"
    "memorysetup-job-temp-allocator-reduction-small-platforms=262144"
    "memorysetup-temp-allocator-size-background-worker=32768"
    "memorysetup-temp-allocator-size-job-worker=262144"
    "memorysetup-temp-allocator-size-preload-manager=33554432"
    "memorysetup-temp-allocator-size-nav-mesh-worker=65536"
    "memorysetup-temp-allocator-size-audio-worker=65536"
    "memorysetup-temp-allocator-size-cloud-worker=32768"
    "memorysetup-temp-allocator-size-gi-baking-worker=262144"
    "memorysetup-temp-allocator-size-gfx=262144"
Refreshing native plugins compatible for Editor in 162.33 ms, found 3 plugins.
Preloading 0 native plugins for Editor in 0.00 ms.
Initialize engine version: 2021.3.11f1 (0a5ca18544bf)
[Subsystems] Discovering subsystems at path C:/Program Files/Unity/Hub/Editor/2021.3.11f1/Editor/Data/Resources/UnitySubsystems
[Subsystems] Discovering subsystems at path C:/Users/MSI/FirstProject/Assets
GfxDevice: creating device client; threaded=0; jobified=0
Direct3D:
    Version:  Direct3D 11.0 [level 11.1]
    Renderer: NVIDIA GeForce RTX 3080 Laptop GPU (ID=0x249c)
    Vendor:   NVIDIA
    VRAM:     8042 MB
    Driver:   31.0.15.2225
Initialize mono
Mono path[0] = 'C:/Program Files/Unity/Hub/Editor/2021.3.11f1/Editor/Data/Managed'
Mono path[1] = 'C:/Program Files/Unity/Hub/Editor/2021.3.11f1/Editor/Data/MonoBleedingEdge/lib/mono/unityjit-win32'
Mono config path = 'C:/Program Files/Unity/Hub/Editor/2021.3.11f1/Editor/Data/MonoBleedingEdge/etc'
Using monoOptions --debugger-agent=transport=dt_socket,embedding=1,server=y,suspend=n,address=127.0.0.1:56524
Begin MonoManager ReloadAssembly
Registering precompiled unity dll's ...
Register platform support module: C:/Program Files/Unity/Hub/Editor/2021.3.11f1/Editor/Data/PlaybackEngines/WebGLSupport/UnityEditor.WebGL.Extensions.dll
Register platform support module: C:/Program Files/Unity/Hub/Editor/2021.3.11f1/Editor/Data/PlaybackEngines/AndroidPlayer/UnityEditor.Android.Extensions.dll
Register platform support module: C:/Program Files/Unity/Hub/Editor/2021.3.11f1/Editor/Data/PlaybackEngines/WindowsStandaloneSupport/UnityEditor.WindowsStandalone.Extensions.dll
Registered in 0.023479 seconds.
Native extension for WindowsStandalone target not found
Native extension for Android target not found
Native extension for WebGL target not found
Refreshing native plugins compatible for Editor in 158.79 ms, found 3 plugins.
Preloading 0 native plugins for Editor in 0.00 ms.
Mono: successfully reloaded assembly
- Completed reload, in  1.385 seconds
Domain Reload Profiling:
	ReloadAssembly (1386ms)
		BeginReloadAssembly (161ms)
			ExecutionOrderSort (0ms)
			DisableScriptedObjects (0ms)
			BackupInstance (0ms)
			ReleaseScriptingObjects (0ms)
			CreateAndSetChildDomain (2ms)
		EndReloadAssembly (973ms)
			LoadAssemblies (156ms)
			RebuildTransferFunctionScriptingTraits (0ms)
			SetupTypeCache (207ms)
			ReleaseScriptCaches (0ms)
			RebuildScriptCaches (61ms)
			SetupLoadedEditorAssemblies (593ms)
				LogAssemblyErrors (0ms)
				InitializePlatformSupportModulesInManaged (130ms)
				SetLoadedEditorAssemblies (0ms)
				RefreshPlugins (159ms)
				BeforeProcessingInitializeOnLoad (3ms)
				ProcessInitializeOnLoadAttributes (203ms)
				ProcessInitializeOnLoadMethodAttributes (97ms)
				AfterProcessingInitializeOnLoad (0ms)
				EditorAssembliesLoaded (0ms)
			ExecutionOrderSort2 (0ms)
			AwakeInstancesAfterBackupRestoration (0ms)
Platform modules already initialized, skipping
Registering precompiled user dll's ...
Registered in 0.017579 seconds.
Begin MonoManager ReloadAssembly
Symbol file LoadedFromMemory doesn't match image C:\Users\MSI\FirstProject\Library\PackageCache\com.unity.visualscripting@1.7.8\Editor\VisualScripting.Core\Dependencies\YamlDotNet\Unity.VisualScripting.YamlDotNet.dll
Symbol file LoadedFromMemory doesn't match image C:\Users\MSI\FirstProject\Library\PackageCache\com.unity.visualscripting@1.7.8\Editor\VisualScripting.Core\Dependencies\DotNetZip\Unity.VisualScripting.IonicZip.dll
Native extension for WindowsStandalone target not found
Native extension for Android target not found
Native extension for WebGL target not found
Refreshing native plugins compatible for Editor in 0.96 ms, found 3 plugins.
Preloading 0 native plugins for Editor in 0.00 ms.
Mono: successfully reloaded assembly
- Completed reload, in  2.266 seconds
Domain Reload Profiling:
	ReloadAssembly (2268ms)
		BeginReloadAssembly (356ms)
			ExecutionOrderSort (0ms)
			DisableScriptedObjects (13ms)
			BackupInstance (0ms)
			ReleaseScriptingObjects (0ms)
			CreateAndSetChildDomain (140ms)
		EndReloadAssembly (1655ms)
			LoadAssemblies (196ms)
			RebuildTransferFunctionScriptingTraits (0ms)
			SetupTypeCache (513ms)
			ReleaseScriptCaches (1ms)
			RebuildScriptCaches (103ms)
			SetupLoadedEditorAssemblies (777ms)
				LogAssemblyErrors (0ms)
				InitializePlatformSupportModulesInManaged (37ms)
				SetLoadedEditorAssemblies (1ms)
				RefreshPlugins (1ms)
				BeforeProcessingInitializeOnLoad (194ms)
				ProcessInitializeOnLoadAttributes (467ms)
				ProcessInitializeOnLoadMethodAttributes (56ms)
				AfterProcessingInitializeOnLoad (21ms)
				EditorAssembliesLoaded (0ms)
			ExecutionOrderSort2 (0ms)
			AwakeInstancesAfterBackupRestoration (14ms)
Platform modules already initialized, skipping
========================================================================
Worker process is ready to serve import requests
Launched and connected shader compiler UnityShaderCompiler.exe after 0.07 seconds
Refreshing native plugins compatible for Editor in 1.29 ms, found 3 plugins.
Preloading 0 native plugins for Editor in 0.00 ms.
Unloading 3380 Unused Serialized files (Serialized files now loaded: 0)
Unloading 27 unused Assets / (113.6 KB). Loaded Objects now: 3843.
Memory consumption went from 116.8 MB to 116.7 MB.
Total: 6.030300 ms (FindLiveObjects: 0.436100 ms CreateObjectMapping: 0.227700 ms MarkObjects: 5.206700 ms  DeleteObjects: 0.158600 ms)

AssetImportParameters requested are different than current active one (requested -> active):
  custom:video-decoder-ogg-theora: a1e56fd34408186e4bbccfd4996cb3dc -> 
  custom:container-muxer-webm: aa71ff27fc2769a1b78a27578f13a17b -> 
  custom:container-demuxer-webm: 4f35f7cbe854078d1ac9338744f61a02 -> 
  custom:video-encoder-webm-vp8: eb34c28f22e8b96e1ab97ce403110664 -> 
  custom:audio-encoder-webm-vorbis: bf7c407c2cedff20999df2af8eb42d56 -> 
  custom:framework-win-MediaFoundation: 216162199b28c13a410421893ffa2e32 -> 
  custom:container-demuxer-ogg: 62fdf1f143b41e24485cea50d1cbac27 -> 
  custom:video-decoder-webm-vp8: 9c59270c3fd7afecdb556c50c9e8de78 -> 
  custom:audio-decoder-ogg-vorbis: bf7c407c2cedff20999df2af8eb42d56 -> 
========================================================================
Received Import Request.
  Time since last request: 4629.198521 seconds.
  path: Assets/Materials/River/Foundation.mat
  artifactKey: Guid(34bfd08aea258ec4889b0fda12b8a001) Importer(815301076,1909f56bfc062723c751e8b465ee728b)
Start importing Assets/Materials/River/Foundation.mat using Guid(34bfd08aea258ec4889b0fda12b8a001) Importer(815301076,1909f56bfc062723c751e8b465ee728b)  -> (artifact id: '92bd44c1af3b586d84580bbac4eb9a5b') in 0.239539 seconds 
========================================================================
Received Import Request.
  Time since last request: 2.895836 seconds.
  path: Assets/Materials/River/Water.mat
  artifactKey: Guid(34bfd08aea258ec4889b0fda12b8a001) Importer(815301076,1909f56bfc062723c751e8b465ee728b)
Start importing Assets/Materials/River/Water.mat using Guid(34bfd08aea258ec4889b0fda12b8a001) Importer(815301076,1909f56bfc062723c751e8b465ee728b)  -> (artifact id: 'c241704fd2b76c48ebe4a5dd4bd25a9f') in 0.037205 seconds 
========================================================================
Received Import Request.
  Time since last request: 79.843939 seconds.
  path: Assets/Materials/River/Water.mat
  artifactKey: Guid(34bfd08aea258ec4889b0fda12b8a001) Importer(815301076,1909f56bfc062723c751e8b465ee728b)
Start importing Assets/Materials/River/Water.mat using Guid(34bfd08aea258ec4889b0fda12b8a001) Importer(815301076,1909f56bfc062723c751e8b465ee728b)  -> (artifact id: '094100164eea5265f8284a3f85834c7b') in 0.021464 seconds 
========================================================================
Received Import Request.
  Time since last request: 1958.469168 seconds.
  path: Assets/Materials/Tree.mat
  artifactKey: Guid(da3d7715456e29248906755d498e40a6) Importer(815301076,1909f56bfc062723c751e8b465ee728b)
Start importing Assets/Materials/Tree.mat using Guid(da3d7715456e29248906755d498e40a6) Importer(815301076,1909f56bfc062723c751e8b465ee728b)  -> (artifact id: '07f4e11a1e9489515489761f79e82bd2') in 0.029829 seconds 
========================================================================
Received Import Request.
  Time since last request: 4.240412 seconds.
  path: Assets/Materials/New Folder
  artifactKey: Guid(c3be6f6a945f78542a2ce429c3d596f9) Importer(815301076,1909f56bfc062723c751e8b465ee728b)
Start importing Assets/Materials/New Folder using Guid(c3be6f6a945f78542a2ce429c3d596f9) Importer(815301076,1909f56bfc062723c751e8b465ee728b)  -> (artifact id: '7e7dbdd419ff2ed51aad3849b631fb7d') in 0.010998 seconds 
========================================================================
Received Import Request.
  Time since last request: 8.472033 seconds.
  path: Assets/Materials/Bench
  artifactKey: Guid(c3be6f6a945f78542a2ce429c3d596f9) Importer(815301076,1909f56bfc062723c751e8b465ee728b)
Start importing Assets/Materials/Bench using Guid(c3be6f6a945f78542a2ce429c3d596f9) Importer(815301076,1909f56bfc062723c751e8b465ee728b)  -> (artifact id: '22f5a6f53c9d0287dc6eca262a59d15e') in 0.010532 seconds 
========================================================================
Received Import Request.
  Time since last request: 6.415614 seconds.
  path: Assets/Materials/Bench/Tree 1.mat
  artifactKey: Guid(b46161aa9efdb094dadc18030b33d94e) Importer(815301076,1909f56bfc062723c751e8b465ee728b)
Start importing Assets/Materials/Bench/Tree 1.mat using Guid(b46161aa9efdb094dadc18030b33d94e) Importer(815301076,1909f56bfc062723c751e8b465ee728b)  -> (artifact id: 'cb61d3edb59379a881cb2e8db7289bfb') in 0.023817 seconds 
========================================================================
Received Import Request.
  Time since last request: 212.508796 seconds.
  path: Assets/Materials/Bench/Tree 1.mat
  artifactKey: Guid(b46161aa9efdb094dadc18030b33d94e) Importer(815301076,1909f56bfc062723c751e8b465ee728b)
Start importing Assets/Materials/Bench/Tree 1.mat using Guid(b46161aa9efdb094dadc18030b33d94e) Importer(815301076,1909f56bfc062723c751e8b465ee728b)  -> (artifact id: '33c5ad10bd32159d806ba8e1c6822eec') in 0.021336 seconds 
========================================================================
Received Import Request.
  Time since last request: 334.508643 seconds.
  path: Assets/Materials/Bench/Tree 1.mat
  artifactKey: Guid(b46161aa9efdb094dadc18030b33d94e) Importer(815301076,1909f56bfc062723c751e8b465ee728b)
Start importing Assets/Materials/Bench/Tree 1.mat using Guid(b46161aa9efdb094dadc18030b33d94e) Importer(815301076,1909f56bfc062723c751e8b465ee728b)  -> (artifact id: '8fb8a7bfcf59a5e94b98396ebdaf03c7') in 0.026149 seconds 
========================================================================
Received Import Request.
  Time since last request: 2082.841381 seconds.
  path: Assets/Materials/Bicycle
  artifactKey: Guid(96c5c605b0136fe4dafe28d2dd887efe) Importer(815301076,1909f56bfc062723c751e8b465ee728b)
Start importing Assets/Materials/Bicycle using Guid(96c5c605b0136fe4dafe28d2dd887efe) Importer(815301076,1909f56bfc062723c751e8b465ee728b)  -> (artifact id: 'fd9ba42f4e2a77e6745e6288307b9382') in 0.012239 seconds 
========================================================================
Received Import Request.
  Time since last request: 3.755287 seconds.
  path: Assets/Materials/Bicycle/Grass.mat
  artifactKey: Guid(9ba9b3fc0b7a86844ad7088dc44ed514) Importer(815301076,1909f56bfc062723c751e8b465ee728b)
Start importing Assets/Materials/Bicycle/Grass.mat using Guid(9ba9b3fc0b7a86844ad7088dc44ed514) Importer(815301076,1909f56bfc062723c751e8b465ee728b)  -> (artifact id: 'b8bfcbda27eda8ea0007e229795b029d') in 0.038027 seconds 
========================================================================
Received Import Request.
  Time since last request: 8.999198 seconds.
  path: Assets/Materials/Bicycle/Wheels.mat
  artifactKey: Guid(9ba9b3fc0b7a86844ad7088dc44ed514) Importer(815301076,1909f56bfc062723c751e8b465ee728b)
Start importing Assets/Materials/Bicycle/Wheels.mat using Guid(9ba9b3fc0b7a86844ad7088dc44ed514) Importer(815301076,1909f56bfc062723c751e8b465ee728b)  -> (artifact id: '960e224c1bb107bb3ad6de1597799853') in 0.023054 seconds 
========================================================================
Received Import Request.
  Time since last request: 230.735285 seconds.
  path: Assets/Materials/Bicycle/Wheels 1.mat
  artifactKey: Guid(feac566a6ad9871409b3e85d45ac04fb) Importer(815301076,1909f56bfc062723c751e8b465ee728b)
Start importing Assets/Materials/Bicycle/Wheels 1.mat using Guid(feac566a6ad9871409b3e85d45ac04fb) Importer(815301076,1909f56bfc062723c751e8b465ee728b)  -> (artifact id: 'ca48ffd55bfc9593977d4e1c773d8028') in 0.026233 seconds 
========================================================================
Received Import Request.
  Time since last request: 4.258123 seconds.
  path: Assets/Materials/Bicycle/Carcass.mat
  artifactKey: Guid(feac566a6ad9871409b3e85d45ac04fb) Importer(815301076,1909f56bfc062723c751e8b465ee728b)
Start importing Assets/Materials/Bicycle/Carcass.mat using Guid(feac566a6ad9871409b3e85d45ac04fb) Importer(815301076,1909f56bfc062723c751e8b465ee728b)  -> (artifact id: 'b3de56c2e7193cac11b4e3349f238ace') in 0.022575 seconds 
========================================================================
Received Import Request.
  Time since last request: 58.946021 seconds.
  path: Assets/Materials/Bicycle/Carcass 1.mat
  artifactKey: Guid(0e60f137e5fd9854eae252197de28104) Importer(815301076,1909f56bfc062723c751e8b465ee728b)
Start importing Assets/Materials/Bicycle/Carcass 1.mat using Guid(0e60f137e5fd9854eae252197de28104) Importer(815301076,1909f56bfc062723c751e8b465ee728b)  -> (artifact id: 'b51a60f737d6473a4e0de505e30616ac') in 0.025534 seconds 
========================================================================
Received Import Request.
  Time since last request: 19.376712 seconds.
  path: Assets/Materials/Bicycle/Handlebar.mat
  artifactKey: Guid(0e60f137e5fd9854eae252197de28104) Importer(815301076,1909f56bfc062723c751e8b465ee728b)
Start importing Assets/Materials/Bicycle/Handlebar.mat using Guid(0e60f137e5fd9854eae252197de28104) Importer(815301076,1909f56bfc062723c751e8b465ee728b)  -> (artifact id: 'feea3b3c4b3a9217d104bc17dd861842') in 0.023444 seconds 
========================================================================
Received Import Request.
  Time since last request: 90.557024 seconds.
  path: Assets/Materials/Bicycle/Carcass.mat
  artifactKey: Guid(feac566a6ad9871409b3e85d45ac04fb) Importer(815301076,1909f56bfc062723c751e8b465ee728b)
Start importing Assets/Materials/Bicycle/Carcass.mat using Guid(feac566a6ad9871409b3e85d45ac04fb) Importer(815301076,1909f56bfc062723c751e8b465ee728b)  -> (artifact id: 'd32a08834a51100a641cc505326af476') in 0.023273 seconds 
========================================================================
Received Import Request.
  Time since last request: 484.686982 seconds.
  path: Assets/Tree.prefab
  artifactKey: Guid(df7a6f265ac5f2a4c8551e7f08cdf3cf) Importer(815301076,1909f56bfc062723c751e8b465ee728b)
Start importing Assets/Tree.prefab using Guid(df7a6f265ac5f2a4c8551e7f08cdf3cf) Importer(815301076,1909f56bfc062723c751e8b465ee728b)  -> (artifact id: '1bbd44fc3e880abedc72b8d316ac46fd') in 0.369886 seconds 
========================================================================
Received Import Request.
  Time since last request: 1.991349 seconds.
  path: Assets/Scenes/HomeWork 1. Magic Forest.unity
  artifactKey: Guid(9fc0d4010bbf28b4594072e72b8655ab) Importer(815301076,1909f56bfc062723c751e8b465ee728b)
Start importing Assets/Scenes/HomeWork 1. Magic Forest.unity using Guid(9fc0d4010bbf28b4594072e72b8655ab) Importer(815301076,1909f56bfc062723c751e8b465ee728b)  -> (artifact id: '03d8bbd0c46079852bfe5697aa2880e6') in 0.010498 seconds 
========================================================================
Received Import Request.
  Time since last request: 115.237962 seconds.
  path: Assets/Tree_Textures/diffuse.png
  artifactKey: Guid(07c20ad794a8dd740b796e1902c48f2e) Importer(815301076,1909f56bfc062723c751e8b465ee728b)
Start importing Assets/Tree_Textures/diffuse.png using Guid(07c20ad794a8dd740b796e1902c48f2e) Importer(815301076,1909f56bfc062723c751e8b465ee728b)  -> (artifact id: 'd13279d24068f8a566e3ec7e39970156') in 0.046579 seconds 
========================================================================
Received Import Request.
  Time since last request: 0.000043 seconds.
  path: Assets/Tree_Textures/shadow.png
  artifactKey: Guid(5913566d3a6c24f4a9f2ceff8fb28c32) Importer(815301076,1909f56bfc062723c751e8b465ee728b)
Start importing Assets/Tree_Textures/shadow.png using Guid(5913566d3a6c24f4a9f2ceff8fb28c32) Importer(815301076,1909f56bfc062723c751e8b465ee728b)  -> (artifact id: '6c8000ffcde3caadcd3aab41598252fc') in 0.024910 seconds 
