Using pre-set license
Built from '2021.3/staging' branch; Version is '2021.3.11f1 (0a5ca18544bf) revision 679073'; Using compiler version '192829333'; Build Type 'Release'
OS: 'Windows 10  (10.0.19044) 64bit Professional' Language: 'ru' Physical Memory: 16088 MB
BatchMode: 1, IsHumanControllingUs: 0, StartBugReporterOnCrash: 0, Is64bit: 1, IsPro: 1

COMMAND LINE ARGUMENTS:
C:\Program Files\Unity\Hub\Editor\2021.3.11f1\Editor\Unity.exe
-adb2
-batchMode
-noUpm
-name
AssetImportWorker0
-projectPath
C:/Users/MSI/FirstProject
-logFile
Logs/AssetImportWorker0.log
-srvPort
51165
Successfully changed project path to: C:/Users/MSI/FirstProject
C:/Users/MSI/FirstProject
[UnityMemory] Configuration Parameters - Can be set up in boot.config
    "memorysetup-bucket-allocator-granularity=16"
    "memorysetup-bucket-allocator-bucket-count=8"
    "memorysetup-bucket-allocator-block-size=33554432"
    "memorysetup-bucket-allocator-block-count=8"
    "memorysetup-main-allocator-block-size=16777216"
    "memorysetup-thread-allocator-block-size=16777216"
    "memorysetup-gfx-main-allocator-block-size=16777216"
    "memorysetup-gfx-thread-allocator-block-size=16777216"
    "memorysetup-cache-allocator-block-size=4194304"
    "memorysetup-typetree-allocator-block-size=2097152"
    "memorysetup-profiler-bucket-allocator-granularity=16"
    "memorysetup-profiler-bucket-allocator-bucket-count=8"
    "memorysetup-profiler-bucket-allocator-block-size=33554432"
    "memorysetup-profiler-bucket-allocator-block-count=8"
    "memorysetup-profiler-allocator-block-size=16777216"
    "memorysetup-profiler-editor-allocator-block-size=1048576"
    "memorysetup-temp-allocator-size-main=16777216"
    "memorysetup-job-temp-allocator-block-size=2097152"
    "memorysetup-job-temp-allocator-block-size-background=1048576"
    "memorysetup-job-temp-allocator-reduction-small-platforms=262144"
    "memorysetup-temp-allocator-size-background-worker=32768"
    "memorysetup-temp-allocator-size-job-worker=262144"
    "memorysetup-temp-allocator-size-preload-manager=33554432"
    "memorysetup-temp-allocator-size-nav-mesh-worker=65536"
    "memorysetup-temp-allocator-size-audio-worker=65536"
    "memorysetup-temp-allocator-size-cloud-worker=32768"
    "memorysetup-temp-allocator-size-gi-baking-worker=262144"
    "memorysetup-temp-allocator-size-gfx=262144"
Refreshing native plugins compatible for Editor in 176.33 ms, found 3 plugins.
Preloading 0 native plugins for Editor in 0.00 ms.
Initialize engine version: 2021.3.11f1 (0a5ca18544bf)
[Subsystems] Discovering subsystems at path C:/Program Files/Unity/Hub/Editor/2021.3.11f1/Editor/Data/Resources/UnitySubsystems
[Subsystems] Discovering subsystems at path C:/Users/MSI/FirstProject/Assets
GfxDevice: creating device client; threaded=0; jobified=0
Direct3D:
    Version:  Direct3D 11.0 [level 11.1]
    Renderer: NVIDIA GeForce RTX 3080 Laptop GPU (ID=0x249c)
    Vendor:   NVIDIA
    VRAM:     8042 MB
    Driver:   31.0.15.2225
Initialize mono
Mono path[0] = 'C:/Program Files/Unity/Hub/Editor/2021.3.11f1/Editor/Data/Managed'
Mono path[1] = 'C:/Program Files/Unity/Hub/Editor/2021.3.11f1/Editor/Data/MonoBleedingEdge/lib/mono/unityjit-win32'
Mono config path = 'C:/Program Files/Unity/Hub/Editor/2021.3.11f1/Editor/Data/MonoBleedingEdge/etc'
Using monoOptions --debugger-agent=transport=dt_socket,embedding=1,server=y,suspend=n,address=127.0.0.1:56648
Begin MonoManager ReloadAssembly
Registering precompiled unity dll's ...
Register platform support module: C:/Program Files/Unity/Hub/Editor/2021.3.11f1/Editor/Data/PlaybackEngines/WebGLSupport/UnityEditor.WebGL.Extensions.dll
Register platform support module: C:/Program Files/Unity/Hub/Editor/2021.3.11f1/Editor/Data/PlaybackEngines/AndroidPlayer/UnityEditor.Android.Extensions.dll
Register platform support module: C:/Program Files/Unity/Hub/Editor/2021.3.11f1/Editor/Data/PlaybackEngines/WindowsStandaloneSupport/UnityEditor.WindowsStandalone.Extensions.dll
Registered in 0.021401 seconds.
Native extension for WindowsStandalone target not found
Native extension for Android target not found
Native extension for WebGL target not found
Refreshing native plugins compatible for Editor in 157.87 ms, found 3 plugins.
Preloading 0 native plugins for Editor in 0.00 ms.
Mono: successfully reloaded assembly
- Completed reload, in  1.380 seconds
Domain Reload Profiling:
	ReloadAssembly (1381ms)
		BeginReloadAssembly (161ms)
			ExecutionOrderSort (0ms)
			DisableScriptedObjects (0ms)
			BackupInstance (0ms)
			ReleaseScriptingObjects (0ms)
			CreateAndSetChildDomain (1ms)
		EndReloadAssembly (978ms)
			LoadAssemblies (156ms)
			RebuildTransferFunctionScriptingTraits (0ms)
			SetupTypeCache (215ms)
			ReleaseScriptCaches (0ms)
			RebuildScriptCaches (60ms)
			SetupLoadedEditorAssemblies (590ms)
				LogAssemblyErrors (0ms)
				InitializePlatformSupportModulesInManaged (128ms)
				SetLoadedEditorAssemblies (0ms)
				RefreshPlugins (158ms)
				BeforeProcessingInitializeOnLoad (3ms)
				ProcessInitializeOnLoadAttributes (204ms)
				ProcessInitializeOnLoadMethodAttributes (96ms)
				AfterProcessingInitializeOnLoad (0ms)
				EditorAssembliesLoaded (0ms)
			ExecutionOrderSort2 (0ms)
			AwakeInstancesAfterBackupRestoration (0ms)
Platform modules already initialized, skipping
Registering precompiled user dll's ...
Registered in 0.013733 seconds.
Begin MonoManager ReloadAssembly
Symbol file LoadedFromMemory doesn't match image C:\Users\MSI\FirstProject\Library\PackageCache\com.unity.visualscripting@1.7.8\Editor\VisualScripting.Core\Dependencies\YamlDotNet\Unity.VisualScripting.YamlDotNet.dll
Symbol file LoadedFromMemory doesn't match image C:\Users\MSI\FirstProject\Library\PackageCache\com.unity.visualscripting@1.7.8\Editor\VisualScripting.Core\Dependencies\DotNetZip\Unity.VisualScripting.IonicZip.dll
Native extension for WindowsStandalone target not found
Native extension for Android target not found
Native extension for WebGL target not found
Refreshing native plugins compatible for Editor in 0.86 ms, found 3 plugins.
Preloading 0 native plugins for Editor in 0.00 ms.
Mono: successfully reloaded assembly
- Completed reload, in  2.250 seconds
Domain Reload Profiling:
	ReloadAssembly (2251ms)
		BeginReloadAssembly (343ms)
			ExecutionOrderSort (0ms)
			DisableScriptedObjects (12ms)
			BackupInstance (0ms)
			ReleaseScriptingObjects (0ms)
			CreateAndSetChildDomain (148ms)
		EndReloadAssembly (1652ms)
			LoadAssemblies (179ms)
			RebuildTransferFunctionScriptingTraits (0ms)
			SetupTypeCache (524ms)
			ReleaseScriptCaches (1ms)
			RebuildScriptCaches (99ms)
			SetupLoadedEditorAssemblies (766ms)
				LogAssemblyErrors (0ms)
				InitializePlatformSupportModulesInManaged (38ms)
				SetLoadedEditorAssemblies (1ms)
				RefreshPlugins (1ms)
				BeforeProcessingInitializeOnLoad (185ms)
				ProcessInitializeOnLoadAttributes (463ms)
				ProcessInitializeOnLoadMethodAttributes (57ms)
				AfterProcessingInitializeOnLoad (20ms)
				EditorAssembliesLoaded (0ms)
			ExecutionOrderSort2 (0ms)
			AwakeInstancesAfterBackupRestoration (14ms)
Platform modules already initialized, skipping
========================================================================
Worker process is ready to serve import requests
Launched and connected shader compiler UnityShaderCompiler.exe after 0.08 seconds
Refreshing native plugins compatible for Editor in 0.95 ms, found 3 plugins.
Preloading 0 native plugins for Editor in 0.00 ms.
Unloading 3380 Unused Serialized files (Serialized files now loaded: 0)
Unloading 27 unused Assets / (113.4 KB). Loaded Objects now: 3839.
Memory consumption went from 116.3 MB to 116.2 MB.
Total: 5.768300 ms (FindLiveObjects: 0.384500 ms CreateObjectMapping: 0.206700 ms MarkObjects: 4.985300 ms  DeleteObjects: 0.190100 ms)

AssetImportParameters requested are different than current active one (requested -> active):
  custom:video-decoder-ogg-theora: a1e56fd34408186e4bbccfd4996cb3dc -> 
  custom:container-muxer-webm: aa71ff27fc2769a1b78a27578f13a17b -> 
  custom:container-demuxer-webm: 4f35f7cbe854078d1ac9338744f61a02 -> 
  custom:video-encoder-webm-vp8: eb34c28f22e8b96e1ab97ce403110664 -> 
  custom:audio-encoder-webm-vorbis: bf7c407c2cedff20999df2af8eb42d56 -> 
  custom:framework-win-MediaFoundation: 216162199b28c13a410421893ffa2e32 -> 
  custom:container-demuxer-ogg: 62fdf1f143b41e24485cea50d1cbac27 -> 
  custom:video-decoder-webm-vp8: 9c59270c3fd7afecdb556c50c9e8de78 -> 
  custom:audio-decoder-ogg-vorbis: bf7c407c2cedff20999df2af8eb42d56 -> 
========================================================================
Received Import Request.
  Time since last request: 157161.663996 seconds.
  path: Assets/Scenes/SampleScene 2.unity
  artifactKey: Guid(d774cdd53b198204c9e996dc16eed98f) Importer(815301076,1909f56bfc062723c751e8b465ee728b)
Start importing Assets/Scenes/SampleScene 2.unity using Guid(d774cdd53b198204c9e996dc16eed98f) Importer(815301076,1909f56bfc062723c751e8b465ee728b)  -> (artifact id: '3d8da1f97dbbb5b62ffaaf1460ce4b3c') in 0.019152 seconds 
========================================================================
Received Import Request.
  Time since last request: 13.447007 seconds.
  path: Assets/Scenes/HomeWork 1. Magic Forest.unity
  artifactKey: Guid(9fc0d4010bbf28b4594072e72b8655ab) Importer(815301076,1909f56bfc062723c751e8b465ee728b)
Start importing Assets/Scenes/HomeWork 1. Magic Forest.unity using Guid(9fc0d4010bbf28b4594072e72b8655ab) Importer(815301076,1909f56bfc062723c751e8b465ee728b)  -> (artifact id: '480b7cec8bbc21c757004b9ef6b556d4') in 0.010774 seconds 
========================================================================
Received Import Request.
  Time since last request: 83.796224 seconds.
  path: Assets/BodyMaterial.mat
  artifactKey: Guid(5c98edd995ac3484da6206eed312627d) Importer(815301076,1909f56bfc062723c751e8b465ee728b)
Start importing Assets/BodyMaterial.mat using Guid(5c98edd995ac3484da6206eed312627d) Importer(815301076,1909f56bfc062723c751e8b465ee728b)  -> (artifact id: '73dd8715a1f152abbe27490ec311bb87') in 0.254895 seconds 
========================================================================
Received Import Request.
  Time since last request: 2.351101 seconds.
  path: Assets/WhekeMaterial 1.mat
  artifactKey: Guid(3913bd4dd3783054693c7b722931f507) Importer(815301076,1909f56bfc062723c751e8b465ee728b)
Start importing Assets/WhekeMaterial 1.mat using Guid(3913bd4dd3783054693c7b722931f507) Importer(815301076,1909f56bfc062723c751e8b465ee728b)  -> (artifact id: '22443e66cbd8eb39d32f3fd3f231f951') in 0.025885 seconds 
========================================================================
Received Import Request.
  Time since last request: 28.129870 seconds.
  path: Assets/Materials
  artifactKey: Guid(edd842cbf318e4f4aaae1e7586930738) Importer(815301076,1909f56bfc062723c751e8b465ee728b)
Start importing Assets/Materials using Guid(edd842cbf318e4f4aaae1e7586930738) Importer(815301076,1909f56bfc062723c751e8b465ee728b)  -> (artifact id: '2fae30f26ba2f6ff577f4f6dee4992c6') in 0.011189 seconds 
========================================================================
Received Import Request.
  Time since last request: 10.710007 seconds.
  path: Assets/Materials/House
  artifactKey: Guid(21f3a05c8e9e39d4d9045ddc26fd96cc) Importer(815301076,1909f56bfc062723c751e8b465ee728b)
Start importing Assets/Materials/House using Guid(21f3a05c8e9e39d4d9045ddc26fd96cc) Importer(815301076,1909f56bfc062723c751e8b465ee728b)  -> (artifact id: '9da0b6b52cd4463908f1fa28897e11ee') in 0.010871 seconds 
========================================================================
Received Import Request.
  Time since last request: 6.913135 seconds.
  path: Assets/Materials/House/WhekeMaterial 1.mat
  artifactKey: Guid(ca930a6a2821310439778dce1f24df80) Importer(815301076,1909f56bfc062723c751e8b465ee728b)
Start importing Assets/Materials/House/WhekeMaterial 1.mat using Guid(ca930a6a2821310439778dce1f24df80) Importer(815301076,1909f56bfc062723c751e8b465ee728b)  -> (artifact id: 'e21cf72ce176b9464883cf101900e376') in 0.021831 seconds 
========================================================================
Received Import Request.
  Time since last request: 45.529465 seconds.
  path: Assets/Materials/House/Foundation.mat
  artifactKey: Guid(ca930a6a2821310439778dce1f24df80) Importer(815301076,1909f56bfc062723c751e8b465ee728b)
Start importing Assets/Materials/House/Foundation.mat using Guid(ca930a6a2821310439778dce1f24df80) Importer(815301076,1909f56bfc062723c751e8b465ee728b)  -> (artifact id: '2163a596cb7bc86d7ef31ea7e8af7731') in 0.023934 seconds 
========================================================================
Received Import Request.
  Time since last request: 766.110767 seconds.
  path: Assets/Materials/House/Foundation 1.mat
  artifactKey: Guid(0c40404b028fd224a8fa3c874ecb77b9) Importer(815301076,1909f56bfc062723c751e8b465ee728b)
Start importing Assets/Materials/House/Foundation 1.mat using Guid(0c40404b028fd224a8fa3c874ecb77b9) Importer(815301076,1909f56bfc062723c751e8b465ee728b)  -> (artifact id: '96ae7b1ea729be2429904b9faaf3803a') in 0.026730 seconds 
========================================================================
Received Import Request.
  Time since last request: 8.878461 seconds.
  path: Assets/Materials/House/Walls.mat
  artifactKey: Guid(0c40404b028fd224a8fa3c874ecb77b9) Importer(815301076,1909f56bfc062723c751e8b465ee728b)
Start importing Assets/Materials/House/Walls.mat using Guid(0c40404b028fd224a8fa3c874ecb77b9) Importer(815301076,1909f56bfc062723c751e8b465ee728b)  -> (artifact id: '0dc9fa6ee59c534dfd669f020d596a86') in 0.025477 seconds 
========================================================================
Received Import Request.
  Time since last request: 283.972509 seconds.
  path: Assets/Materials/House/Foundation.mat
  artifactKey: Guid(ca930a6a2821310439778dce1f24df80) Importer(815301076,1909f56bfc062723c751e8b465ee728b)
Start importing Assets/Materials/House/Foundation.mat using Guid(ca930a6a2821310439778dce1f24df80) Importer(815301076,1909f56bfc062723c751e8b465ee728b)  -> (artifact id: '8dcaab4bb223787588692793c6eb680d') in 0.023924 seconds 
========================================================================
Received Import Request.
  Time since last request: 1052.076597 seconds.
  path: Assets/Materials/House/Walls 1.mat
  artifactKey: Guid(1599dca362b6fe7428d8830b10595c89) Importer(815301076,1909f56bfc062723c751e8b465ee728b)
Start importing Assets/Materials/House/Walls 1.mat using Guid(1599dca362b6fe7428d8830b10595c89) Importer(815301076,1909f56bfc062723c751e8b465ee728b)  -> (artifact id: '68067fad6141d0da31e483763338fc1e') in 0.332383 seconds 
========================================================================
Received Import Request.
  Time since last request: 5.489364 seconds.
  path: Assets/Materials/House/Roof.mat
  artifactKey: Guid(1599dca362b6fe7428d8830b10595c89) Importer(815301076,1909f56bfc062723c751e8b465ee728b)
Start importing Assets/Materials/House/Roof.mat using Guid(1599dca362b6fe7428d8830b10595c89) Importer(815301076,1909f56bfc062723c751e8b465ee728b)  -> (artifact id: '650bfe0cf6c5499b17cd7ac4a2b30ce2') in 0.024120 seconds 
========================================================================
Received Import Request.
  Time since last request: 308.299534 seconds.
  path: Assets/Materials/House/Roof.mat
  artifactKey: Guid(1599dca362b6fe7428d8830b10595c89) Importer(815301076,1909f56bfc062723c751e8b465ee728b)
Start importing Assets/Materials/House/Roof.mat using Guid(1599dca362b6fe7428d8830b10595c89) Importer(815301076,1909f56bfc062723c751e8b465ee728b)  -> (artifact id: 'f90f39029e7634ca19438803f72d0a44') in 0.023023 seconds 
========================================================================
Received Import Request.
  Time since last request: 846.718973 seconds.
  path: Assets/Materials/House/Roof.mat
  artifactKey: Guid(1599dca362b6fe7428d8830b10595c89) Importer(815301076,1909f56bfc062723c751e8b465ee728b)
Start importing Assets/Materials/House/Roof.mat using Guid(1599dca362b6fe7428d8830b10595c89) Importer(815301076,1909f56bfc062723c751e8b465ee728b)  -> (artifact id: '0f3d25ac3777515cf1911f5d6e71bcf4') in 0.024609 seconds 
========================================================================
Received Import Request.
  Time since last request: 6426.093302 seconds.
  path: Assets/Materials/House/Walls 1.mat
  artifactKey: Guid(963ea50a61cd66a44b71ddee3cc7572d) Importer(815301076,1909f56bfc062723c751e8b465ee728b)
Start importing Assets/Materials/House/Walls 1.mat using Guid(963ea50a61cd66a44b71ddee3cc7572d) Importer(815301076,1909f56bfc062723c751e8b465ee728b)  -> (artifact id: '7ec49fea921b57ce13cae2088f6f1ad6') in 0.037009 seconds 
========================================================================
Received Import Request.
  Time since last request: 5.544678 seconds.
  path: Assets/Materials/House/Black.mat
  artifactKey: Guid(963ea50a61cd66a44b71ddee3cc7572d) Importer(815301076,1909f56bfc062723c751e8b465ee728b)
Start importing Assets/Materials/House/Black.mat using Guid(963ea50a61cd66a44b71ddee3cc7572d) Importer(815301076,1909f56bfc062723c751e8b465ee728b)  -> (artifact id: '7652ddd04d7f067e0996dca1b5e3dbdf') in 0.024906 seconds 
========================================================================
Received Import Request.
  Time since last request: 14.300176 seconds.
  path: Assets/Materials/House/Black.mat
  artifactKey: Guid(963ea50a61cd66a44b71ddee3cc7572d) Importer(815301076,1909f56bfc062723c751e8b465ee728b)
Start importing Assets/Materials/House/Black.mat using Guid(963ea50a61cd66a44b71ddee3cc7572d) Importer(815301076,1909f56bfc062723c751e8b465ee728b)  -> (artifact id: '063f7cbc4e2580addd1342f7d72eeb64') in 0.022512 seconds 
========================================================================
Received Import Request.
  Time since last request: 5.136191 seconds.
  path: Assets/Materials/House/Door.mat
  artifactKey: Guid(f11f1525751dc2d498a52738277a37ea) Importer(815301076,1909f56bfc062723c751e8b465ee728b)
Start importing Assets/Materials/House/Door.mat using Guid(f11f1525751dc2d498a52738277a37ea) Importer(815301076,1909f56bfc062723c751e8b465ee728b)  -> (artifact id: '5c06da9c44c09c92577e54cfe4a7f93a') in 0.024755 seconds 
========================================================================
Received Import Request.
  Time since last request: 590.867399 seconds.
  path: Assets/Materials/House/Door.mat
  artifactKey: Guid(f11f1525751dc2d498a52738277a37ea) Importer(815301076,1909f56bfc062723c751e8b465ee728b)
Start importing Assets/Materials/House/Door.mat using Guid(f11f1525751dc2d498a52738277a37ea) Importer(815301076,1909f56bfc062723c751e8b465ee728b)  -> (artifact id: '934a6609a7f7e0ff6ce8d3992dd6077d') in 0.023321 seconds 
========================================================================
Received Import Request.
  Time since last request: 1096.499472 seconds.
  path: Assets/Materials/House/Walls 1.mat
  artifactKey: Guid(f2cacb8b8f0d3304fbfb73511b96c676) Importer(815301076,1909f56bfc062723c751e8b465ee728b)
Start importing Assets/Materials/House/Walls 1.mat using Guid(f2cacb8b8f0d3304fbfb73511b96c676) Importer(815301076,1909f56bfc062723c751e8b465ee728b)  -> (artifact id: 'bb8050d99cf1335c67c8010bcaa8027d') in 0.026447 seconds 
========================================================================
Received Import Request.
  Time since last request: 5.402733 seconds.
  path: Assets/Materials/House/Grass.mat
  artifactKey: Guid(f2cacb8b8f0d3304fbfb73511b96c676) Importer(815301076,1909f56bfc062723c751e8b465ee728b)
Start importing Assets/Materials/House/Grass.mat using Guid(f2cacb8b8f0d3304fbfb73511b96c676) Importer(815301076,1909f56bfc062723c751e8b465ee728b)  -> (artifact id: '8ced930465ca11858412a4b6a049955b') in 0.026081 seconds 
========================================================================
Received Import Request.
  Time since last request: 89.300450 seconds.
  path: Assets/Materials/House/Grass.mat
  artifactKey: Guid(f2cacb8b8f0d3304fbfb73511b96c676) Importer(815301076,1909f56bfc062723c751e8b465ee728b)
Start importing Assets/Materials/House/Grass.mat using Guid(f2cacb8b8f0d3304fbfb73511b96c676) Importer(815301076,1909f56bfc062723c751e8b465ee728b)  -> (artifact id: '136382deeb75c9a4651287d6a61317ad') in 0.022789 seconds 
========================================================================
Received Import Request.
  Time since last request: 411.953120 seconds.
  path: Assets/Materials/Dirt
  artifactKey: Guid(4519da110f53d3147b28850840791ea8) Importer(815301076,1909f56bfc062723c751e8b465ee728b)
Start importing Assets/Materials/Dirt using Guid(4519da110f53d3147b28850840791ea8) Importer(815301076,1909f56bfc062723c751e8b465ee728b)  -> (artifact id: '07db2118e9191184bad1b1f11e50a6f7') in 0.011623 seconds 
========================================================================
Received Import Request.
  Time since last request: 11.833099 seconds.
  path: Assets/Materials/Trees
  artifactKey: Guid(d580386f7942ea24ba05f06e33641742) Importer(815301076,1909f56bfc062723c751e8b465ee728b)
Start importing Assets/Materials/Trees using Guid(d580386f7942ea24ba05f06e33641742) Importer(815301076,1909f56bfc062723c751e8b465ee728b)  -> (artifact id: 'e508634bea63587a00c2ed638e530d1d') in 0.011917 seconds 
========================================================================
Received Import Request.
  Time since last request: 8.212940 seconds.
  path: Assets/Materials/Trees/Grass.mat
  artifactKey: Guid(dcea6f5d36c2d5f4cbf47b95a8b83bf5) Importer(815301076,1909f56bfc062723c751e8b465ee728b)
Start importing Assets/Materials/Trees/Grass.mat using Guid(dcea6f5d36c2d5f4cbf47b95a8b83bf5) Importer(815301076,1909f56bfc062723c751e8b465ee728b)  -> (artifact id: '83b81c575d26ab442a075f6454513165') in 0.019130 seconds 
========================================================================
Received Import Request.
  Time since last request: 18.089121 seconds.
  path: Assets/Materials/Trees/Tree.mat
  artifactKey: Guid(dcea6f5d36c2d5f4cbf47b95a8b83bf5) Importer(815301076,1909f56bfc062723c751e8b465ee728b)
Start importing Assets/Materials/Trees/Tree.mat using Guid(dcea6f5d36c2d5f4cbf47b95a8b83bf5) Importer(815301076,1909f56bfc062723c751e8b465ee728b)  -> (artifact id: '06c54f7f54a377fbed8b996a42231cbc') in 0.023534 seconds 
========================================================================
Received Import Request.
  Time since last request: 67.960676 seconds.
  path: Assets/Materials/Trees/Tree.mat
  artifactKey: Guid(dcea6f5d36c2d5f4cbf47b95a8b83bf5) Importer(815301076,1909f56bfc062723c751e8b465ee728b)
Start importing Assets/Materials/Trees/Tree.mat using Guid(dcea6f5d36c2d5f4cbf47b95a8b83bf5) Importer(815301076,1909f56bfc062723c751e8b465ee728b)  -> (artifact id: 'ff7a846d245608df78b6c4a0f7f62b22') in 0.021403 seconds 
========================================================================
Received Import Request.
  Time since last request: 95.605329 seconds.
  path: Assets/Materials/Trees/Tree 1.mat
  artifactKey: Guid(eaaa70164aaeb3d41aaa716fb427f4ac) Importer(815301076,1909f56bfc062723c751e8b465ee728b)
Start importing Assets/Materials/Trees/Tree 1.mat using Guid(eaaa70164aaeb3d41aaa716fb427f4ac) Importer(815301076,1909f56bfc062723c751e8b465ee728b)  -> (artifact id: 'cb7bb1cc7f13409f110171b9a82a7390') in 0.019953 seconds 
========================================================================
Received Import Request.
  Time since last request: 13.717653 seconds.
  path: Assets/Materials/Trees/Tres's grass.mat
  artifactKey: Guid(eaaa70164aaeb3d41aaa716fb427f4ac) Importer(815301076,1909f56bfc062723c751e8b465ee728b)
Start importing Assets/Materials/Trees/Tres's grass.mat using Guid(eaaa70164aaeb3d41aaa716fb427f4ac) Importer(815301076,1909f56bfc062723c751e8b465ee728b)  -> (artifact id: '86aa6d4c2c3e25af1adb3bc1ac6f5646') in 0.027605 seconds 
========================================================================
Received Import Request.
  Time since last request: 2627.484285 seconds.
  path: Assets/Materials/Trees/Tres's grass.mat
  artifactKey: Guid(eaaa70164aaeb3d41aaa716fb427f4ac) Importer(815301076,1909f56bfc062723c751e8b465ee728b)
Start importing Assets/Materials/Trees/Tres's grass.mat using Guid(eaaa70164aaeb3d41aaa716fb427f4ac) Importer(815301076,1909f56bfc062723c751e8b465ee728b)  -> (artifact id: '3637650967a2312ef09a23c494f24de9') in 0.038828 seconds 
